# JRE version: Java(TM) SE Runtime Environment (8.0_91-b15) (build 1.8.0_91-b15)
# Java VM: Java HotSpot(TM) 64-Bit Server VM (25.91-b15 mixed mode windows-amd64 compressed oops)
Heap:
 PSYoungGen      total 16896K, used 2527K [0x00000000ed700000, 0x00000000ee980000, 0x0000000100000000)
  eden space 14848K, 3% used [0x00000000ed700000,0x00000000ed779f18,0x00000000ee580000)
  from space 2048K, 99% used [0x00000000ee580000,0x00000000ee77e020,0x00000000ee780000)
  to   space 2048K, 0% used [0x00000000ee780000,0x00000000ee780000,0x00000000ee980000)
 ParOldGen       total 38400K, used 15507K [0x00000000c8400000, 0x00000000ca980000, 0x00000000ed700000)
  object space 38400K, 40% used [0x00000000c8400000,0x00000000c9324d90,0x00000000ca980000)
 Metaspace       used 15455K, capacity 15702K, committed 16000K, reserved 1062912K
  class space    used 1725K, capacity 1815K, committed 1920K, reserved 1048576K
GC Heap History (6 events):
Event: 2.306 GC heap before
{Heap before GC invocations=1 (full 0):
 PSYoungGen      total 16896K, used 14848K [0x00000000ed700000, 0x00000000ee980000, 0x0000000100000000)
  eden space 14848K, 100% used [0x00000000ed700000,0x00000000ee580000,0x00000000ee580000)
  from space 2048K, 0% used [0x00000000ee780000,0x00000000ee780000,0x00000000ee980000)
  to   space 2048K, 0% used [0x00000000ee580000,0x00000000ee580000,0x00000000ee780000)
 ParOldGen       total 38400K, used 0K [0x00000000c8400000, 0x00000000ca980000, 0x00000000ed700000)
  object space 38400K, 0% used [0x00000000c8400000,0x00000000c8400000,0x00000000ca980000)
 Metaspace       used 11321K, capacity 11496K, committed 11648K, reserved 1058816K
  class space    used 1237K, capacity 1296K, committed 1408K, reserved 1048576K
Event: 2.324 GC heap after
Heap after GC invocations=1 (full 0):
 PSYoungGen      total 16896K, used 2032K [0x00000000ed700000, 0x00000000ee980000, 0x0000000100000000)
  eden space 14848K, 0% used [0x00000000ed700000,0x00000000ed700000,0x00000000ee580000)
  from space 2048K, 99% used [0x00000000ee580000,0x00000000ee77c1c8,0x00000000ee780000)
  to   space 2048K, 0% used [0x00000000ee780000,0x00000000ee780000,0x00000000ee980000)
 ParOldGen       total 38400K, used 5274K [0x00000000c8400000, 0x00000000ca980000, 0x00000000ed700000)
  object space 38400K, 13% used [0x00000000c8400000,0x00000000c8926ba8,0x00000000ca980000)
 Metaspace       used 11321K, capacity 11496K, committed 11648K, reserved 1058816K
  class space    used 1237K, capacity 1296K, committed 1408K, reserved 1048576K
}
Event: 3634.102 GC heap before
{Heap before GC invocations=2 (full 0):
 PSYoungGen      total 16896K, used 16880K [0x00000000ed700000, 0x00000000ee980000, 0x0000000100000000)
  eden space 14848K, 100% used [0x00000000ed700000,0x00000000ee580000,0x00000000ee580000)
  from space 2048K, 99% used [0x00000000ee580000,0x00000000ee77c1c8,0x00000000ee780000)
  to   space 2048K, 0% used [0x00000000ee780000,0x00000000ee780000,0x00000000ee980000)
 ParOldGen       total 38400K, used 5274K [0x00000000c8400000, 0x00000000ca980000, 0x00000000ed700000)
  object space 38400K, 13% used [0x00000000c8400000,0x00000000c8926ba8,0x00000000ca980000)
 Metaspace       used 15020K, capacity 15286K, committed 15616K, reserved 1062912K
  class space    used 1696K, capacity 1783K, committed 1792K, reserved 1048576K
Event: 3634.180 GC heap after
Heap after GC invocations=2 (full 0):
 PSYoungGen      total 16896K, used 2040K [0x00000000ed700000, 0x00000000ee980000, 0x0000000100000000)
  eden space 14848K, 0% used [0x00000000ed700000,0x00000000ed700000,0x00000000ee580000)
  from space 2048K, 99% used [0x00000000ee780000,0x00000000ee97e020,0x00000000ee980000)
  to   space 2048K, 0% used [0x00000000ee580000,0x00000000ee580000,0x00000000ee780000)
 ParOldGen       total 38400K, used 15499K [0x00000000c8400000, 0x00000000ca980000, 0x00000000ed700000)
  object space 38400K, 40% used [0x00000000c8400000,0x00000000c9322d90,0x00000000ca980000)
 Metaspace       used 15020K, capacity 15286K, committed 15616K, reserved 1062912K
  class space    used 1696K, capacity 1783K, committed 1792K, reserved 1048576K
}
Event: 40372.993 GC heap before
{Heap before GC invocations=3 (full 0):
 PSYoungGen      total 16896K, used 16888K [0x00000000ed700000, 0x00000000ee980000, 0x0000000100000000)
  eden space 14848K, 100% used [0x00000000ed700000,0x00000000ee580000,0x00000000ee580000)
  from space 2048K, 99% used [0x00000000ee780000,0x00000000ee97e020,0x00000000ee980000)
  to   space 2048K, 0% used [0x00000000ee580000,0x00000000ee580000,0x00000000ee780000)
 ParOldGen       total 38400K, used 15499K [0x00000000c8400000, 0x00000000ca980000, 0x00000000ed700000)
  object space 38400K, 40% used [0x00000000c8400000,0x00000000c9322d90,0x00000000ca980000)
 Metaspace       used 15300K, capacity 15542K, committed 15872K, reserved 1062912K
  class space    used 1718K, capacity 1783K, committed 1792K, reserved 1048576K
Event: 40373.082 GC heap after
Heap after GC invocations=3 (full 0):
 PSYoungGen      total 16896K, used 2040K [0x00000000ed700000, 0x00000000ee980000, 0x0000000100000000)
  eden space 14848K, 0% used [0x00000000ed700000,0x00000000ed700000,0x00000000ee580000)
  from space 2048K, 99% used [0x00000000ee580000,0x00000000ee77e020,0x00000000ee780000)
  to   space 2048K, 0% used [0x00000000ee780000,0x00000000ee780000,0x00000000ee980000)
 ParOldGen       total 38400K, used 15507K [0x00000000c8400000, 0x00000000ca980000, 0x00000000ed700000)
  object space 38400K, 40% used [0x00000000c8400000,0x00000000c9324d90,0x00000000ca980000)
 Metaspace       used 15300K, capacity 15542K, committed 15872K, reserved 1062912K
  class space    used 1718K, capacity 1783K, committed 1792K, reserved 1048576K
}

