# JRE version: Java(TM) SE Runtime Environment (8.0_91-b15) (build 1.8.0_91-b15)
# Java VM: Java HotSpot(TM) 64-Bit Server VM (25.91-b15 mixed mode windows-amd64 compressed oops)
Heap:
 PSYoungGen      total 16896K, used 2802K [0x00000000ed700000, 0x00000000ee980000, 0x0000000100000000)
  eden space 14848K, 5% used [0x00000000ed700000,0x00000000ed7c09b8,0x00000000ee580000)
  from space 2048K, 99% used [0x00000000ee780000,0x00000000ee97c160,0x00000000ee980000)
  to   space 2048K, 0% used [0x00000000ee580000,0x00000000ee580000,0x00000000ee780000)
 ParOldGen       total 38400K, used 15640K [0x00000000c8400000, 0x00000000ca980000, 0x00000000ed700000)
  object space 38400K, 40% used [0x00000000c8400000,0x00000000c9346100,0x00000000ca980000)
 Metaspace       used 16603K, capacity 16882K, committed 17152K, reserved 1064960K
  class space    used 1941K, capacity 2019K, committed 2048K, reserved 1048576K
GC Heap History (4 events):
Event: 2.634 GC heap before
{Heap before GC invocations=1 (full 0):
 PSYoungGen      total 16896K, used 14848K [0x00000000ed700000, 0x00000000ee980000, 0x0000000100000000)
  eden space 14848K, 100% used [0x00000000ed700000,0x00000000ee580000,0x00000000ee580000)
  from space 2048K, 0% used [0x00000000ee780000,0x00000000ee780000,0x00000000ee980000)
  to   space 2048K, 0% used [0x00000000ee580000,0x00000000ee580000,0x00000000ee780000)
 ParOldGen       total 38400K, used 0K [0x00000000c8400000, 0x00000000ca980000, 0x00000000ed700000)
  object space 38400K, 0% used [0x00000000c8400000,0x00000000c8400000,0x00000000ca980000)
 Metaspace       used 12477K, capacity 12664K, committed 12800K, reserved 1060864K
  class space    used 1424K, capacity 1490K, committed 1536K, reserved 1048576K
Event: 2.658 GC heap after
Heap after GC invocations=1 (full 0):
 PSYoungGen      total 16896K, used 2032K [0x00000000ed700000, 0x00000000ee980000, 0x0000000100000000)
  eden space 14848K, 0% used [0x00000000ed700000,0x00000000ed700000,0x00000000ee580000)
  from space 2048K, 99% used [0x00000000ee580000,0x00000000ee77c140,0x00000000ee780000)
  to   space 2048K, 0% used [0x00000000ee780000,0x00000000ee780000,0x00000000ee980000)
 ParOldGen       total 38400K, used 4817K [0x00000000c8400000, 0x00000000ca980000, 0x00000000ed700000)
  object space 38400K, 12% used [0x00000000c8400000,0x00000000c88b4510,0x00000000ca980000)
 Metaspace       used 12477K, capacity 12664K, committed 12800K, reserved 1060864K
  class space    used 1424K, capacity 1490K, committed 1536K, reserved 1048576K
}
Event: 1104.967 GC heap before
{Heap before GC invocations=2 (full 0):
 PSYoungGen      total 16896K, used 16880K [0x00000000ed700000, 0x00000000ee980000, 0x0000000100000000)
  eden space 14848K, 100% used [0x00000000ed700000,0x00000000ee580000,0x00000000ee580000)
  from space 2048K, 99% used [0x00000000ee580000,0x00000000ee77c140,0x00000000ee780000)
  to   space 2048K, 0% used [0x00000000ee780000,0x00000000ee780000,0x00000000ee980000)
 ParOldGen       total 38400K, used 4817K [0x00000000c8400000, 0x00000000ca980000, 0x00000000ed700000)
  object space 38400K, 12% used [0x00000000c8400000,0x00000000c88b4510,0x00000000ca980000)
 Metaspace       used 16483K, capacity 16722K, committed 16896K, reserved 1064960K
  class space    used 1926K, capacity 1987K, committed 2048K, reserved 1048576K
Event: 1105.060 GC heap after
Heap after GC invocations=2 (full 0):
 PSYoungGen      total 16896K, used 2032K [0x00000000ed700000, 0x00000000ee980000, 0x0000000100000000)
  eden space 14848K, 0% used [0x00000000ed700000,0x00000000ed700000,0x00000000ee580000)
  from space 2048K, 99% used [0x00000000ee780000,0x00000000ee97c160,0x00000000ee980000)
  to   space 2048K, 0% used [0x00000000ee580000,0x00000000ee580000,0x00000000ee780000)
 ParOldGen       total 38400K, used 15640K [0x00000000c8400000, 0x00000000ca980000, 0x00000000ed700000)
  object space 38400K, 40% used [0x00000000c8400000,0x00000000c9346100,0x00000000ca980000)
 Metaspace       used 16483K, capacity 16722K, committed 16896K, reserved 1064960K
  class space    used 1926K, capacity 1987K, committed 2048K, reserved 1048576K
}

